time="2023-07-20T22:55:46.144228Z" level=info msg="manage(olm-utils)" event=Information info="Checking architecture: amd64" trace=395e1178-d89e-46a5-a9b7-925138fd2742
time="2023-07-20T22:55:46.144524Z" level=info msg="manage(olm-utils)" event=Information info="Checking podman or docker" trace=395e1178-d89e-46a5-a9b7-925138fd2742
time="2023-07-20T22:55:46.220192Z" level=info msg="manage(olm-utils)" event=Information info="Dockerexe: podman" trace=395e1178-d89e-46a5-a9b7-925138fd2742
time="2023-07-20T22:55:46.220441Z" level=info msg="manage(olm-utils)" event=Information info="User-specified workspace: /root/IBM/cp4d-manual-install/cpd-cli" trace=395e1178-d89e-46a5-a9b7-925138fd2742
time="2023-07-20T22:55:46.433699Z" level=info msg="manage(olm-utils)" event=Information info="Creating directory /root/IBM/cp4d-manual-install/cpd-cli/work" trace=395e1178-d89e-46a5-a9b7-925138fd2742
time="2023-07-20T22:55:46.433918Z" level=info msg="manage(olm-utils)" event=Information info="Attempting pull container image icr.io/cpopen/cpd/olm-utils:latest" trace=395e1178-d89e-46a5-a9b7-925138fd2742
time="2023-07-20T22:55:47.331361Z" level=info msg="manage(olm-utils)" event=Information info="Pulling image output: Trying to pull icr.io/cpopen/cpd/olm-utils:latest...\nGetting image source signatures\nCopying blob sha256:ad56f20a4401edd459220725072011617419d5877ed11ee71abd05e47632224e\nCopying blob sha256:07141fa96dff87404dc21079bf3e7384c20e9f06a1fdf9469a546d15abe6391a\nCopying blob sha256:017fc8c8c34403bbc7aaa90a061a3012ea6a0fd0fe6c5dad2067b9a58c264f9d\nCopying blob sha256:44156bb1a0767a04647ac275944310befea0973625f8c449809a498cefefbc28\nCopying blob sha256:bb362901f4acba6b6c7144d39ca06918821d62dfa722eb68f6fb9ad8686753db\nCopying blob sha256:0d224be35e64ed8eb266faf17e99c8ce7aa3bcd3d21203c590b2023d1a87262b\nCopying blob sha256:a475ca845d2ae6c73d2dadfb4ed24785554ccf959ba61e518588e4aa24927ca0\nCopying blob sha256:403cca44198b8591359adb5bfcb8b9cd7952acba682997b4c4f46361c16f4c77\nCopying blob sha256:03f2d5078ccb7d062a458e5fd49a56afe53191c4718b3dd1871940bd5ca94c04\nCopying blob sha256:1dfcb7d01bfa0d76502dbb4e395449528ed7008a3b9d15a77f4d878338eca768\nCopying blob sha256:336f4b1df00b729dc1f4cc002999047d39615245454fe7ea21abf8ede9aede38\nCopying blob sha256:6c7c9a52252919c8f003e52636c2a57865c00294840aabf27c98176789f5471c\nCopying blob sha256:30b3d13c7a52e2c25965a00d0700c09ce519f0a607a6f34364d04694178fbef2\nCopying blob sha256:4413817a7faa801c8a3d771c89bd17933af35480fe6c4084a4441323eca12472\nCopying blob sha256:aa9bf4422d6ed5c8e1791bcab38b24e093695905f5e185c8810955f765c5f495\nCopying blob sha256:8d4f86fcbc0c74371402de8fe88d2f3f129505b54fd59a0215032f0691f24acc\nCopying blob sha256:230cb75affeb7c9d747e6c96a1cb04ac079ed072bee6f500964e5a0da8c0a336\nCopying blob sha256:28e34ecc40dfc908cbccedbe914925295e5737699c9801ba02188c964ea8dddb\nCopying blob sha256:4551ff4009f070ac5c5ffbfd5255caeb0a69b95bcb4e6dd3d2099d3cf02291a7\nCopying blob sha256:6208c5a2e205726f3a2cd42a392c5e4f05256850d13197a711000c4021ede87b\nCopying config sha256:a04167fce5b1e2debe9cb6abf325e16c525787e75f1d0649cb4b140c49c04735\nWriting manifest to image destination\nStoring signatures\na04167fce5b1e2debe9cb6abf325e16c525787e75f1d0649cb4b140c49c04735" trace=395e1178-d89e-46a5-a9b7-925138fd2742
time="2023-07-20T22:55:47.331901Z" level=info msg="manage(olm-utils)" event=Success info="Successfully pulled the container image icr.io/cpopen/cpd/olm-utils:latest" trace=395e1178-d89e-46a5-a9b7-925138fd2742
time="2023-07-20T22:55:47.331977Z" level=info msg="manage(olm-utils)" event=Information info="Delete any existing olm-utils-play container" trace=395e1178-d89e-46a5-a9b7-925138fd2742
time="2023-07-20T22:55:47.461815Z" level=info msg="manage(olm-utils)" event=Information info="Checking SELinux configuration" trace=395e1178-d89e-46a5-a9b7-925138fd2742
time="2023-07-20T22:55:47.462450Z" level=info msg="manage(olm-utils)" event=Information info="Start the olm-utils-play container" trace=395e1178-d89e-46a5-a9b7-925138fd2742
time="2023-07-20T22:55:47.730944Z" level=info msg="manage(olm-utils)" event=Information info="Run command: podman create  --name olm-utils-play --env  CMD_PREFIX=\"cpd-cli manage\"  -v /root/IBM/cp4d-manual-install/cpd-cli/work:/tmp/work   icr.io/cpopen/cpd/olm-utils:latest" trace=395e1178-d89e-46a5-a9b7-925138fd2742
time="2023-07-20T22:55:48.342299Z" level=info msg="manage(olm-utils)" event=Information info="Run command: podman start olm-utils-play" trace=395e1178-d89e-46a5-a9b7-925138fd2742
time="2023-07-20T22:55:53.346810Z" level=info msg="manage(olm-utils)" event=Information info="Container is fully ready now" trace=395e1178-d89e-46a5-a9b7-925138fd2742
time="2023-07-20T22:55:53.347100Z" level=info msg="manage(olm-utils)" event=Success info="Successfully started the container olm-utils-play" trace=395e1178-d89e-46a5-a9b7-925138fd2742
time="2023-07-20T22:55:53.538909Z" level=info msg="manage(olm-utils)" event=Information info="Processing subcommand login-to-ocp" trace=395e1178-d89e-46a5-a9b7-925138fd2742
time="2023-07-20T22:55:55.740679Z" level=info msg="manage(olm-utils)" event=Success info="You may find output and logs in the /root/IBM/cp4d-manual-install/cpd-cli/work directory." trace=395e1178-d89e-46a5-a9b7-925138fd2742
time="2023-07-20T22:55:55.740908Z" level=info msg="manage(olm-utils)" event=Success info="The login-to-ocp command ran successfully." trace=395e1178-d89e-46a5-a9b7-925138fd2742
time="2023-07-20T22:58:14.050527Z" level=info msg="manage(olm-utils)" event=Information info="Checking architecture: amd64" trace=49a2ed85-0cf8-49af-b727-0d7ecf9b72b1
time="2023-07-20T22:58:14.051052Z" level=info msg="manage(olm-utils)" event=Information info="Checking podman or docker" trace=49a2ed85-0cf8-49af-b727-0d7ecf9b72b1
time="2023-07-20T22:58:14.104353Z" level=info msg="manage(olm-utils)" event=Information info="Dockerexe: podman" trace=49a2ed85-0cf8-49af-b727-0d7ecf9b72b1
time="2023-07-20T22:58:14.104504Z" level=info msg="manage(olm-utils)" event=Information info="User-specified workspace: /root/IBM/cp4d-manual-install/cpd-cli" trace=49a2ed85-0cf8-49af-b727-0d7ecf9b72b1
time="2023-07-20T22:58:14.302270Z" level=info msg="manage(olm-utils)" event=Information info="Container olm-utils-play is running already. Image: icr.io/cpopen/cpd/olm-utils:latest" trace=49a2ed85-0cf8-49af-b727-0d7ecf9b72b1
time="2023-07-20T22:58:14.462568Z" level=info msg="manage(olm-utils)" event=Information info="Processing subcommand apply-olm" trace=49a2ed85-0cf8-49af-b727-0d7ecf9b72b1
time="2023-07-20T22:58:14.462745Z" level=info msg="manage(olm-utils)" event=Information info="Run command: podman exec -it olm-utils-play apply-olm --release=4.6.6 --components=cpfs,scheduler,cpd_platform,spss --cpd_operator_ns=cp4d --cs_ns=cp4d" trace=49a2ed85-0cf8-49af-b727-0d7ecf9b72b1
time="2023-07-20T23:10:32.822566Z" level=info msg="manage(olm-utils)" event=Success info="You may find output and logs in the /root/IBM/cp4d-manual-install/cpd-cli/work directory." trace=49a2ed85-0cf8-49af-b727-0d7ecf9b72b1
time="2023-07-20T23:10:32.822867Z" level=info msg="manage(olm-utils)" event=Success info="The apply-olm command ran successfully." trace=49a2ed85-0cf8-49af-b727-0d7ecf9b72b1
time="2023-07-20T23:11:53.026266Z" level=info msg="manage(olm-utils)" event=Information info="Checking architecture: amd64" trace=2744dd76-a428-48c0-b259-23589c83e685
time="2023-07-20T23:11:53.026684Z" level=info msg="manage(olm-utils)" event=Information info="Checking podman or docker" trace=2744dd76-a428-48c0-b259-23589c83e685
time="2023-07-20T23:11:53.106874Z" level=info msg="manage(olm-utils)" event=Information info="Dockerexe: podman" trace=2744dd76-a428-48c0-b259-23589c83e685
time="2023-07-20T23:11:53.107009Z" level=info msg="manage(olm-utils)" event=Information info="User-specified workspace: /root/IBM/cp4d-manual-install/cpd-cli" trace=2744dd76-a428-48c0-b259-23589c83e685
time="2023-07-20T23:11:53.313012Z" level=info msg="manage(olm-utils)" event=Information info="Container olm-utils-play is running already. Image: icr.io/cpopen/cpd/olm-utils:latest" trace=2744dd76-a428-48c0-b259-23589c83e685
time="2023-07-20T23:11:53.503963Z" level=info msg="manage(olm-utils)" event=Information info="Processing subcommand get-olm-artifacts" trace=2744dd76-a428-48c0-b259-23589c83e685
time="2023-07-20T23:11:53.504223Z" level=info msg="manage(olm-utils)" event=Information info="Run command: podman exec -it olm-utils-play get-olm-artifacts --subscription_ns=cp4d" trace=2744dd76-a428-48c0-b259-23589c83e685
time="2023-07-20T23:12:21.122080Z" level=info msg="manage(olm-utils)" event=Success info="You may find output and logs in the /root/IBM/cp4d-manual-install/cpd-cli/work directory." trace=2744dd76-a428-48c0-b259-23589c83e685
time="2023-07-20T23:12:21.122485Z" level=info msg="manage(olm-utils)" event=Success info="The get-olm-artifacts command ran successfully." trace=2744dd76-a428-48c0-b259-23589c83e685
time="2023-07-20T23:13:29.709204Z" level=info msg="manage(olm-utils)" event=Information info="Checking architecture: amd64" trace=6f493e37-9d55-4b63-8e0a-fe88c53bcee4
time="2023-07-20T23:13:29.709525Z" level=info msg="manage(olm-utils)" event=Information info="Checking podman or docker" trace=6f493e37-9d55-4b63-8e0a-fe88c53bcee4
time="2023-07-20T23:13:29.786576Z" level=info msg="manage(olm-utils)" event=Information info="Dockerexe: podman" trace=6f493e37-9d55-4b63-8e0a-fe88c53bcee4
time="2023-07-20T23:13:29.786839Z" level=info msg="manage(olm-utils)" event=Information info="User-specified workspace: /root/IBM/cp4d-manual-install/cpd-cli" trace=6f493e37-9d55-4b63-8e0a-fe88c53bcee4
time="2023-07-20T23:13:29.984287Z" level=info msg="manage(olm-utils)" event=Information info="Container olm-utils-play is running already. Image: icr.io/cpopen/cpd/olm-utils:latest" trace=6f493e37-9d55-4b63-8e0a-fe88c53bcee4
time="2023-07-20T23:13:30.180243Z" level=info msg="manage(olm-utils)" event=Information info="Processing subcommand get-license" trace=6f493e37-9d55-4b63-8e0a-fe88c53bcee4
time="2023-07-20T23:13:30.180381Z" level=info msg="manage(olm-utils)" event=Information info="Run command: podman exec -it olm-utils-play get-license --release=4.6.6 --license-type=SE" trace=6f493e37-9d55-4b63-8e0a-fe88c53bcee4
time="2023-07-20T23:13:30.566902Z" level=info msg="manage(olm-utils)" event=Success info="You may find output and logs in the /root/IBM/cp4d-manual-install/cpd-cli/work directory." trace=6f493e37-9d55-4b63-8e0a-fe88c53bcee4
time="2023-07-20T23:13:30.567042Z" level=info msg="manage(olm-utils)" event=Success info="The get-license command ran successfully." trace=6f493e37-9d55-4b63-8e0a-fe88c53bcee4
time="2023-07-20T23:16:00.957027Z" level=info msg="manage(olm-utils)" event=Information info="Checking architecture: amd64" trace=cadc4e10-9cfc-4fc4-a3c2-5d6f3e2c3132
time="2023-07-20T23:16:00.957511Z" level=info msg="manage(olm-utils)" event=Information info="Checking podman or docker" trace=cadc4e10-9cfc-4fc4-a3c2-5d6f3e2c3132
time="2023-07-20T23:16:01.027323Z" level=info msg="manage(olm-utils)" event=Information info="Dockerexe: podman" trace=cadc4e10-9cfc-4fc4-a3c2-5d6f3e2c3132
time="2023-07-20T23:16:01.027468Z" level=info msg="manage(olm-utils)" event=Information info="User-specified workspace: /root/IBM/cp4d-manual-install/cpd-cli" trace=cadc4e10-9cfc-4fc4-a3c2-5d6f3e2c3132
time="2023-07-20T23:16:01.211898Z" level=info msg="manage(olm-utils)" event=Information info="Container olm-utils-play is running already. Image: icr.io/cpopen/cpd/olm-utils:latest" trace=cadc4e10-9cfc-4fc4-a3c2-5d6f3e2c3132
time="2023-07-20T23:16:01.404496Z" level=info msg="manage(olm-utils)" event=Information info="Processing subcommand setup-instance-ns" trace=cadc4e10-9cfc-4fc4-a3c2-5d6f3e2c3132
time="2023-07-20T23:16:01.404631Z" level=info msg="manage(olm-utils)" event=Information info="Run command: podman exec -it olm-utils-play setup-instance-ns --cpd_instance_ns=cp4d --cpd_operator_ns=cp4d --cs_ns=cp4d" trace=cadc4e10-9cfc-4fc4-a3c2-5d6f3e2c3132
time="2023-07-20T23:16:17.855738Z" level=info msg="manage(olm-utils)" event=Success info="You may find output and logs in the /root/IBM/cp4d-manual-install/cpd-cli/work directory." trace=cadc4e10-9cfc-4fc4-a3c2-5d6f3e2c3132
time="2023-07-20T23:16:17.855903Z" level=info msg="manage(olm-utils)" event=Success info="The setup-instance-ns command ran successfully." trace=cadc4e10-9cfc-4fc4-a3c2-5d6f3e2c3132
time="2023-07-20T23:17:53.641787Z" level=info msg="manage(olm-utils)" event=Information info="Checking architecture: amd64" trace=3e78027f-bb8d-4441-9006-9aeef07344ff
time="2023-07-20T23:17:53.642191Z" level=info msg="manage(olm-utils)" event=Information info="Checking podman or docker" trace=3e78027f-bb8d-4441-9006-9aeef07344ff
time="2023-07-20T23:17:53.712406Z" level=info msg="manage(olm-utils)" event=Information info="Dockerexe: podman" trace=3e78027f-bb8d-4441-9006-9aeef07344ff
time="2023-07-20T23:17:53.712538Z" level=info msg="manage(olm-utils)" event=Information info="User-specified workspace: /root/IBM/cp4d-manual-install/cpd-cli" trace=3e78027f-bb8d-4441-9006-9aeef07344ff
time="2023-07-20T23:17:53.921533Z" level=info msg="manage(olm-utils)" event=Information info="Container olm-utils-play is running already. Image: icr.io/cpopen/cpd/olm-utils:latest" trace=3e78027f-bb8d-4441-9006-9aeef07344ff
time="2023-07-20T23:17:54.097690Z" level=info msg="manage(olm-utils)" event=Information info="Processing subcommand apply-cr" trace=3e78027f-bb8d-4441-9006-9aeef07344ff
time="2023-07-20T23:17:54.098293Z" level=info msg="manage(olm-utils)" event=Information info="Run command: podman exec -it olm-utils-play apply-cr --components=cpfs,scheduler,cpd_platform,spss --release=4.6.6 --cs_ns=cp4d --cpd_instance_ns=cp4d --block_storage_class=ibmc-file-gold-gid --file_storage_class=ibmc-file-gold-gid --license_acceptance=true --cs_ns=cp4d" trace=3e78027f-bb8d-4441-9006-9aeef07344ff
time="2023-07-20T23:17:55.889577Z" level=error msg="manage(olm-utils)" error="cmd.Run() failed with exit status 99" event=Exception trace=3e78027f-bb8d-4441-9006-9aeef07344ff
time="2023-07-20T23:17:55.889895Z" level=error msg="manage(olm-utils)" error="Command exception: The apply-cr command failed (exit status 99). You may find output and logs in the /root/IBM/cp4d-manual-install/cpd-cli/work directory." event=Exception trace=3e78027f-bb8d-4441-9006-9aeef07344ff
time="2023-07-20T23:17:55.891090Z" level=error msg=cpd-cli error="RunPluginCommand:Execution error:  exit status 1" event=Exception trace=3e78027f-bb8d-4441-9006-9aeef07344ff
time="2023-07-20T23:18:38.328624Z" level=info msg="manage(olm-utils)" event=Information info="Checking architecture: amd64" trace=ee1825aa-7a92-4b57-9f50-39d1989f729e
time="2023-07-20T23:18:38.329139Z" level=info msg="manage(olm-utils)" event=Information info="Checking podman or docker" trace=ee1825aa-7a92-4b57-9f50-39d1989f729e
time="2023-07-20T23:18:38.404004Z" level=info msg="manage(olm-utils)" event=Information info="Dockerexe: podman" trace=ee1825aa-7a92-4b57-9f50-39d1989f729e
time="2023-07-20T23:18:38.404138Z" level=info msg="manage(olm-utils)" event=Information info="User-specified workspace: /root/IBM/cp4d-manual-install/cpd-cli" trace=ee1825aa-7a92-4b57-9f50-39d1989f729e
time="2023-07-20T23:18:38.610810Z" level=info msg="manage(olm-utils)" event=Information info="Container olm-utils-play is running already. Image: icr.io/cpopen/cpd/olm-utils:latest" trace=ee1825aa-7a92-4b57-9f50-39d1989f729e
time="2023-07-20T23:18:38.794387Z" level=info msg="manage(olm-utils)" event=Information info="Processing subcommand apply-cr" trace=ee1825aa-7a92-4b57-9f50-39d1989f729e
time="2023-07-20T23:18:38.794679Z" level=info msg="manage(olm-utils)" event=Information info="Run command: podman exec -it olm-utils-play apply-cr --components=cpfs,scheduler,cpd_platform,spss --release=4.6.6 --cs_ns=cp4d --cpd_instance_ns=cp4d --block_storage_class=ibmc-file-gold-gid --file_storage_class=ibmc-file-gold-gid --license_acceptance=true --cs_ns=cp4d" trace=ee1825aa-7a92-4b57-9f50-39d1989f729e
time="2023-07-20T23:20:06.374675Z" level=info msg="manage(olm-utils)" event=Information info="Checking architecture: amd64" trace=e78879d7-646a-4bbf-b0f3-7e45bc56da02
time="2023-07-20T23:20:06.375169Z" level=info msg="manage(olm-utils)" event=Information info="Checking podman or docker" trace=e78879d7-646a-4bbf-b0f3-7e45bc56da02
time="2023-07-20T23:20:06.439830Z" level=info msg="manage(olm-utils)" event=Information info="Dockerexe: podman" trace=e78879d7-646a-4bbf-b0f3-7e45bc56da02
time="2023-07-20T23:20:06.439995Z" level=info msg="manage(olm-utils)" event=Information info="User-specified workspace: /root/IBM/cp4d-manual-install/cpd-cli" trace=e78879d7-646a-4bbf-b0f3-7e45bc56da02
time="2023-07-20T23:20:06.631124Z" level=info msg="manage(olm-utils)" event=Information info="Container olm-utils-play is running already. Image: icr.io/cpopen/cpd/olm-utils:latest" trace=e78879d7-646a-4bbf-b0f3-7e45bc56da02
time="2023-07-20T23:20:06.794167Z" level=info msg="manage(olm-utils)" event=Information info="Processing subcommand get-cr-status" trace=e78879d7-646a-4bbf-b0f3-7e45bc56da02
time="2023-07-20T23:20:06.794302Z" level=info msg="manage(olm-utils)" event=Information info="Run command: podman exec -it olm-utils-play get-cr-status --cpd_instance_ns=cp4d" trace=e78879d7-646a-4bbf-b0f3-7e45bc56da02
time="2023-07-20T23:23:04.626461Z" level=info msg="manage(olm-utils)" event=Success info="You may find output and logs in the /root/IBM/cp4d-manual-install/cpd-cli/work directory." trace=e78879d7-646a-4bbf-b0f3-7e45bc56da02
time="2023-07-20T23:23:04.626661Z" level=info msg="manage(olm-utils)" event=Success info="The get-cr-status command ran successfully." trace=e78879d7-646a-4bbf-b0f3-7e45bc56da02
time="2023-07-20T23:46:28.731127Z" level=info msg="manage(olm-utils)" event=Information info="Checking architecture: amd64" trace=902f6824-53c1-484e-bce6-3b488a96dbca
time="2023-07-20T23:46:28.731572Z" level=info msg="manage(olm-utils)" event=Information info="Checking podman or docker" trace=902f6824-53c1-484e-bce6-3b488a96dbca
time="2023-07-20T23:46:28.799569Z" level=info msg="manage(olm-utils)" event=Information info="Dockerexe: podman" trace=902f6824-53c1-484e-bce6-3b488a96dbca
time="2023-07-20T23:46:28.799743Z" level=info msg="manage(olm-utils)" event=Information info="User-specified workspace: /root/IBM/cp4d-manual-install/cpd-cli" trace=902f6824-53c1-484e-bce6-3b488a96dbca
time="2023-07-20T23:46:28.995226Z" level=info msg="manage(olm-utils)" event=Information info="Container olm-utils-play is running already. Image: icr.io/cpopen/cpd/olm-utils:latest" trace=902f6824-53c1-484e-bce6-3b488a96dbca
time="2023-07-20T23:46:29.149037Z" level=info msg="manage(olm-utils)" event=Information info="Processing subcommand get-cr-status" trace=902f6824-53c1-484e-bce6-3b488a96dbca
time="2023-07-20T23:46:29.149301Z" level=info msg="manage(olm-utils)" event=Information info="Run command: podman exec -it olm-utils-play get-cr-status --cpd_instance_ns=cp4d" trace=902f6824-53c1-484e-bce6-3b488a96dbca
time="2023-07-20T23:47:56.216649Z" level=error msg="manage(olm-utils)" error="cmd.Run() failed with exit status 1" event=Exception trace=902f6824-53c1-484e-bce6-3b488a96dbca
time="2023-07-20T23:47:56.217239Z" level=error msg="manage(olm-utils)" error="Command exception: The get-cr-status command failed (exit status 1). You may find output and logs in the /root/IBM/cp4d-manual-install/cpd-cli/work directory." event=Exception trace=902f6824-53c1-484e-bce6-3b488a96dbca
time="2023-07-20T23:47:56.218440Z" level=error msg=cpd-cli error="RunPluginCommand:Execution error:  exit status 1" event=Exception trace=902f6824-53c1-484e-bce6-3b488a96dbca
